d:\vs2019项目文件\2048\2048\2048\debug\uic\ui_qtwidgetsapplication.h
d:\vs2019项目文件\2048\2048\2048\debug\rcc\qrc_qtwidgetsapplication.cpp
d:\vs2019项目文件\2048\2048\2048\debug\moc\moc_qtwidgetsapplication.cpp
d:\vs2019项目文件\2048\2048\2048\debug\qrc_qtwidgetsapplication.obj
d:\vs2019项目文件\2048\2048\2048\debug\moc_qtwidgetsapplication.obj
d:\vs2019项目文件\2048\2048\2048\debug\qtwidgetsapplication.obj
d:\vs2019项目文件\2048\2048\2048\debug\main.obj
d:\vs2019项目文件\2048\2048\2048\debug\vc142.pdb
d:\vs2019项目文件\2048\2048\debug\2048.exe
d:\vs2019项目文件\2048\2048\debug\2048.ilk
d:\vs2019项目文件\2048\2048\debug\2048.pdb
d:\vs2019项目文件\2048\2048\2048\debug\2048.tlog\2048.write.1u.tlog
d:\vs2019项目文件\2048\2048\2048\debug\2048.tlog\cl.12720.write.1.tlog
d:\vs2019项目文件\2048\2048\2048\debug\2048.tlog\cl.command.1.tlog
d:\vs2019项目文件\2048\2048\2048\debug\2048.tlog\cl.read.1.tlog
d:\vs2019项目文件\2048\2048\2048\debug\2048.tlog\link.command.1.tlog
d:\vs2019项目文件\2048\2048\2048\debug\2048.tlog\link.read.1.tlog
d:\vs2019项目文件\2048\2048\2048\debug\2048.tlog\link.write.1.tlog
d:\vs2019项目文件\2048\2048\2048\debug\2048.tlog\moc.read.1u.tlog
d:\vs2019项目文件\2048\2048\2048\debug\2048.tlog\moc.write.1u.tlog
d:\vs2019项目文件\2048\2048\2048\debug\2048.tlog\rcc.read.1u.tlog
d:\vs2019项目文件\2048\2048\2048\debug\2048.tlog\rcc.write.1u.tlog
d:\vs2019项目文件\2048\2048\2048\debug\2048.tlog\uic.read.1u.tlog
d:\vs2019项目文件\2048\2048\2048\debug\2048.tlog\uic.write.1u.tlog
